log started: Sat Nov 30 17:10:59 2019

Log file: ./leap.log
>  # LEaP called by /home/maksym/Programs/dock6/bin/amberize_receptor
>  source leaprc.ff94
----- Source: /home/maksym/Programs/dock6/parameters/leap/cmd/leaprc.ff94
----- Source of /home/maksym/Programs/dock6/parameters/leap/cmd/leaprc.ff94 done
>> logFile leap.log
log started: Sat Nov 30 17:10:59 2019

Log file: ./leap.log
>> #
>> # ----- leaprc for loading the Cornell et al. 1994 force field.
>> #       assumes that any unspecified nucleic acids are DNA 
>> #
>> #	load atom type hybridizations
>> #
>> addAtomTypes {
>> 	{ "H"   "H" "sp3" }
>> 	{ "HO"  "H" "sp3" }
>> 	{ "HS"  "H" "sp3" }
>> 	{ "H1"  "H" "sp3" }
>> 	{ "H2"  "H" "sp3" }
>> 	{ "H3"  "H" "sp3" }
>> 	{ "H4"  "H" "sp3" }
>> 	{ "H5"  "H" "sp3" }
>> 	{ "HW"  "H" "sp3" }
>> 	{ "HC"  "H" "sp3" }
>> 	{ "HA"  "H" "sp3" }
>> 	{ "HP"  "H" "sp3" }
>> 	{ "OH"  "O" "sp3" }
>> 	{ "OS"  "O" "sp3" }
>> 	{ "O"   "O" "sp2" }
>> 	{ "O2"  "O" "sp2" }
>> 	{ "OW"  "O" "sp3" }
>> 	{ "CT"  "C" "sp3" }
>> 	{ "CH"  "C" "sp3" }
>> 	{ "C2"  "C" "sp3" }
>> 	{ "C3"  "C" "sp3" }
>> 	{ "C"   "C" "sp2" }
>> 	{ "C*"  "C" "sp2" }
>> 	{ "CA"  "C" "sp2" }
>> 	{ "CB"  "C" "sp2" }
>> 	{ "CC"  "C" "sp2" }
>> 	{ "CN"  "C" "sp2" }
>> 	{ "CM"  "C" "sp2" }
>> 	{ "CK"  "C" "sp2" }
>> 	{ "CQ"  "C" "sp2" }
>> 	{ "CD"  "C" "sp2" }
>> 	{ "CE"  "C" "sp2" }
>> 	{ "CF"  "C" "sp2" }
>> 	{ "CG"  "C" "sp2" }
>> 	{ "CP"  "C" "sp2" }
>> 	{ "CI"  "C" "sp2" }
>> 	{ "CJ"  "C" "sp2" }
>> 	{ "CW"  "C" "sp2" }
>> 	{ "CV"  "C" "sp2" }
>> 	{ "CR"  "C" "sp2" }
>> 	{ "CA"  "C" "sp2" }
>> 	{ "CY"  "C" "sp2" }
>> 	{ "C0"  "C" "sp2" }
>> 	{ "MG"  "Mg" "sp3" }
>> 	{ "N"   "N" "sp2" }
>> 	{ "NA"  "N" "sp2" }
>> 	{ "N2"  "N" "sp2" }
>> 	{ "N*"  "N" "sp2" }
>> 	{ "NP"  "N" "sp2" }
>> 	{ "NQ"  "N" "sp2" }
>> 	{ "NB"  "N" "sp2" }
>> 	{ "NC"  "N" "sp2" }
>> 	{ "NT"  "N" "sp3" }
>> 	{ "N3"  "N" "sp3" }
>> 	{ "S"   "S" "sp3" }
>> 	{ "SH"  "S" "sp3" }
>> 	{ "P"   "P" "sp3" }
>> 	{ "LP"  ""  "sp3" }
>> 	{ "F"   "F" "sp3" }
>> 	{ "CL"  "Cl" "sp3" }
>> 	{ "BR"  "Br" "sp3" }
>> 	{ "I"   "I"  "sp3" }
>> 	{ "FE"  "Fe" "sp3" }
>>     { "EP"  ""  "sp3" }
>> # glycam
>> 	{ "OG"  "O" "sp3" }
>> 	{ "OL"  "O" "sp3" }
>> 	{ "AC"  "C" "sp3" }
>> 	{ "EC"  "C" "sp3" }
>> }
>> #
>> #	Load the main parameter set.
>> #
>> parm94 = loadamberparams parm94.dat
Loading parameters: /home/maksym/Programs/dock6/parameters/leap/parm/parm94.dat
Reading title:
PARM94 for DNA, RNA and proteins with TIP3P Water. USE SCEE=1.2 in energy progs
(UNKNOWN ATOM TYPE: IM)
(UNKNOWN ATOM TYPE: Li)
(UNKNOWN ATOM TYPE: IP)
(UNKNOWN ATOM TYPE: K)
(UNKNOWN ATOM TYPE: Rb)
(UNKNOWN ATOM TYPE: Cs)
(UNKNOWN ATOM TYPE: IB)
(UNKNOWN ATOM TYPE: EP)
>> #
>> #	Load DNA/RNA libraries
>> #
>> loadOff all_nucleic94.lib
Loading library: /home/maksym/Programs/dock6/parameters/leap/lib/all_nucleic94.lib
Loading: DA
Loading: DA3
Loading: DA5
Loading: DAN
Loading: DC
Loading: DC3
Loading: DC5
Loading: DCN
Loading: DG
Loading: DG3
Loading: DG5
Loading: DGN
Loading: DT
Loading: DT3
Loading: DT5
Loading: DTN
Loading: RA
Loading: RA3
Loading: RA5
Loading: RAN
Loading: RC
Loading: RC3
Loading: RC5
Loading: RCN
Loading: RG
Loading: RG3
Loading: RG5
Loading: RGN
Loading: RU
Loading: RU3
Loading: RU5
Loading: RUN
>> #
>> #	Load main chain and terminating 
>> #	amino acid libraries.
>> #
>> loadOff all_amino94.lib
Loading library: /home/maksym/Programs/dock6/parameters/leap/lib/all_amino94.lib
Loading: ALA
Loading: ARG
Loading: ASH
Loading: ASN
Loading: ASP
Loading: CYM
Loading: CYS
Loading: CYX
Loading: GLH
Loading: GLN
Loading: GLU
Loading: GLY
Loading: HID
Loading: HIE
Loading: HIP
Loading: ILE
Loading: LEU
Loading: LYN
Loading: LYS
Loading: MET
Loading: PHE
Loading: PRO
Loading: SER
Loading: THR
Loading: TRP
Loading: TYR
Loading: VAL
>> loadOff all_aminoct94.lib
Loading library: /home/maksym/Programs/dock6/parameters/leap/lib/all_aminoct94.lib
Loading: CALA
Loading: CARG
Loading: CASN
Loading: CASP
Loading: CCYS
Loading: CCYX
Loading: CGLN
Loading: CGLU
Loading: CGLY
Loading: CHID
Loading: CHIE
Loading: CHIP
Loading: CILE
Loading: CLEU
Loading: CLYS
Loading: CMET
Loading: CPHE
Loading: CPRO
Loading: CSER
Loading: CTHR
Loading: CTRP
Loading: CTYR
Loading: CVAL
Loading: NHE
Loading: NME
>> loadOff all_aminont94.lib
Loading library: /home/maksym/Programs/dock6/parameters/leap/lib/all_aminont94.lib
Loading: ACE
Loading: NALA
Loading: NARG
Loading: NASN
Loading: NASP
Loading: NCYS
Loading: NCYX
Loading: NGLN
Loading: NGLU
Loading: NGLY
Loading: NHID
Loading: NHIE
Loading: NHIP
Loading: NILE
Loading: NLEU
Loading: NLYS
Loading: NMET
Loading: NPHE
Loading: NPRO
Loading: NSER
Loading: NTHR
Loading: NTRP
Loading: NTYR
Loading: NVAL
>> 
>> loadOff ions94.lib
Loading library: /home/maksym/Programs/dock6/parameters/leap/lib/ions94.lib
Loading: CA
Loading: CIO
Loading: Cl-
Loading: Cs+
Loading: IB
Loading: K+
Loading: Li+
Loading: MG
Loading: MG2
Loading: Na+
Loading: Rb+
Loading: ZN
>> loadOff solvents.lib
Loading library: /home/maksym/Programs/dock6/parameters/leap/lib/solvents.lib
Loading: CHCL3BOX
Loading: DC4
Loading: MEOHBOX
Loading: NMABOX
Loading: PL3
Loading: POL3BOX
Loading: SPC
Loading: SPCBOX
Loading: SPCFWBOX
Loading: SPF
Loading: T4E
Loading: TIP3PBOX
Loading: TIP4PBOX
Loading: TIP4PEWBOX
Loading: TP3
Loading: TP4
Loading: TP5
>> HOH = TP3
>> WAT = TP3
>> 
>> #
>> #	Define the PDB name map for the amino acids and DNA.
>> #
>> addPdbResMap {
>>   { 0 "ALA" "NALA" } { 1 "ALA" "CALA" }
>>   { 0 "ARG" "NARG" } { 1 "ARG" "CARG" }
>>   { 0 "ASN" "NASN" } { 1 "ASN" "CASN" }
>>   { 0 "ASP" "NASP" } { 1 "ASP" "CASP" }
>>   { 0 "CYS" "NCYS" } { 1 "CYS" "CCYS" }
>>   { 0 "CYX" "NCYX" } { 1 "CYX" "CCYX" }
>>   { 0 "GLN" "NGLN" } { 1 "GLN" "CGLN" }
>>   { 0 "GLU" "NGLU" } { 1 "GLU" "CGLU" }
>>   { 0 "GLY" "NGLY" } { 1 "GLY" "CGLY" }
>>   { 0 "HID" "NHID" } { 1 "HID" "CHID" }
>>   { 0 "HIE" "NHIE" } { 1 "HIE" "CHIE" }
>>   { 0 "HIP" "NHIP" } { 1 "HIP" "CHIP" }
>>   { 0 "ILE" "NILE" } { 1 "ILE" "CILE" }
>>   { 0 "LEU" "NLEU" } { 1 "LEU" "CLEU" }
>>   { 0 "LYS" "NLYS" } { 1 "LYS" "CLYS" }
>>   { 0 "MET" "NMET" } { 1 "MET" "CMET" }
>>   { 0 "PHE" "NPHE" } { 1 "PHE" "CPHE" }
>>   { 0 "PRO" "NPRO" } { 1 "PRO" "CPRO" }
>>   { 0 "SER" "NSER" } { 1 "SER" "CSER" }
>>   { 0 "THR" "NTHR" } { 1 "THR" "CTHR" }
>>   { 0 "TRP" "NTRP" } { 1 "TRP" "CTRP" }
>>   { 0 "TYR" "NTYR" } { 1 "TYR" "CTYR" }
>>   { 0 "VAL" "NVAL" } { 1 "VAL" "CVAL" }
>>   { 0 "HIS" "NHIS" } { 1 "HIS" "CHIS" }
>> 
>>   { 0 "GUA" "DG5"  } { 1 "GUA" "DG3"  } { "GUA" "DG" }
>>   { 0 "ADE" "DA5"  } { 1 "ADE" "DA3"  } { "ADE" "DA" }
>>   { 0 "CYT" "DC5"  } { 1 "CYT" "DC3"  } { "CYT" "DC" }
>>   { 0 "THY" "DT5"  } { 1 "THY" "DT3"  } { "THY" "DT" }
>> 
>>   { 0 "G" "DG5"  } { 1 "G" "DG3"  } { "G" "DG" } { "GN" "DGN" }
>>   { 0 "A" "DA5"  } { 1 "A" "DA3"  } { "A" "DA" } { "AN" "DAN" }
>>   { 0 "C" "DC5"  } { 1 "C" "DC3"  } { "C" "DC" } { "CN" "DCN" }
>>   { 0 "T" "DT5"  } { 1 "T" "DT3"  } { "T" "DT" } { "TN" "DTN" }
>> 
>>   { 0 "C5" "DC5" }
>>   { 0 "G5" "DG5" }
>>   { 0 "A5" "DA5" }
>>   { 0 "T5" "DT5" }
>>   { 1 "C3" "DC3" }
>>   { 1 "G3" "DG3" }
>>   { 1 "A3" "DA3" }
>>   { 1 "T3" "DT3" }
>> 
>>   { 0 "RC" "RC5" }
>>   { 0 "RG" "RG5" }
>>   { 0 "RA" "RA5" }
>>   { 0 "RU" "RU5" }
>>   { 1 "RC" "RC3" }
>>   { 1 "RG" "RG3" }
>>   { 1 "RA" "RA3" }
>>   { 1 "RU" "RU3" }
>> 
>> }
>> 
>> addPdbAtomMap {
>>   { "O5*" "O5'" }
>>   { "C5*" "C5'" }
>>   { "C4*" "C4'" }
>>   { "O4*" "O4'" }
>>   { "C3*" "C3'" }
>>   { "O3*" "O3'" }
>>   { "C2*" "C2'" }
>>   { "C1*" "C1'" }
>>   { "C5M" "C7"  }
>>   { "H1*" "H1'" }
>>   { "H2*1" "H2'1" }
>>   { "H2*2" "H2'2" }
>>   { "H3*" "H3'" }
>>   { "H4*" "H4'" }
>>   { "H5*1" "H5'1" }
>>   { "H5*2" "H5'2" }
>> # old ff atom names -> new
>>   { "O1'" "O4'" }
>>   { "OA"  "O1P" }
>>   { "OB"  "O2P" }
>> }
>> 
>> 
>> #
>> # assumed that most often proteins use HIE
>> #
>> NHIS = NHIE
>> HIS = HIE
>> CHIS = CHIE
> 
>  source leaprc.gaff
----- Source: /home/maksym/Programs/dock6/parameters/leap/cmd/leaprc.gaff
----- Source of /home/maksym/Programs/dock6/parameters/leap/cmd/leaprc.gaff done
>> logFile leap.log
log started: Sat Nov 30 17:10:59 2019

Log file: ./leap.log
>> #
>> # ----- leaprc for loading the general Amber Force field.
>> #       This file is mostly for use with Antechamber
>> #
>> #	load atom type hybridizations
>> #
>> addAtomTypes {
>> 	{ "h1"  "H" "sp3" }
>> 	{ "h2"  "H" "sp3" }
>> 	{ "h3"  "H" "sp3" }
>> 	{ "h4"  "H" "sp3" }
>> 	{ "h5"  "H" "sp3" }
>> 	{ "ha"  "H" "sp3" }
>> 	{ "hc"  "H" "sp3" }
>> 	{ "hn"  "H" "sp3" }
>> 	{ "ho"  "H" "sp3" }
>> 	{ "hp"  "H" "sp3" }
>> 	{ "hs"  "H" "sp3" }
>> 	{ "hw"  "H" "sp3" }
>> 	{ "hx"  "H" "sp3" }
>> 	{ "o"  "O" "sp2" }
>> 	{ "o2"  "O" "sp2" }
>> 	{ "oh"  "O" "sp3" }
>> 	{ "os"  "O" "sp3" }
>> 	{ "ow"  "O" "sp3" }
>> 	{ "c"  "C" "sp2" }
>> 	{ "c1"  "C" "sp2" }
>> 	{ "c2"  "C" "sp2" }
>> 	{ "c3"  "C" "sp3" }
>> 	{ "ca"  "C" "sp2" }
>> 	{ "cc"  "C" "sp2" }
>> 	{ "cd"  "C" "sp2" }
>> 	{ "ce"  "C" "sp2" }
>> 	{ "cf"  "C" "sp2" }
>> 	{ "cg"  "C" "sp2" }
>> 	{ "ch"  "C" "sp2" }
>> 	{ "cp"  "C" "sp2" }
>> 	{ "cq"  "C" "sp2" }
>> 	{ "cu"  "C" "sp2" }
>> 	{ "cv"  "C" "sp2" }
>> 	{ "cx"  "C" "sp2" }
>> 	{ "cy"  "C" "sp2" }
>> 	{ "n"   "N" "sp2" }
>> 	{ "n1"  "N" "sp2" }
>> 	{ "n2"  "N" "sp2" }
>> 	{ "n3"  "N" "sp3" }
>> 	{ "n4"  "N" "sp3" }
>> 	{ "na"  "N" "sp2" }
>> 	{ "nb"  "N" "sp2" }
>> 	{ "nc"  "N" "sp2" }
>> 	{ "nd"  "N" "sp2" }
>> 	{ "ne"  "N" "sp2" }
>> 	{ "nf"  "N" "sp2" }
>> 	{ "nh"  "N" "sp2" }
>> 	{ "no"  "N" "sp2" }
>> 	{ "s"   "S" "sp2" }
>> 	{ "s2"   "S" "sp2" }
>> 	{ "s3"   "S" "sp3" }
>> 	{ "s4"   "S" "sp3" }
>> 	{ "s6"   "S" "sp3" }
>> 	{ "sh"   "S" "sp3" }
>> 	{ "ss"   "S" "sp3" }
>> 	{ "sx"   "S" "sp3" }
>> 	{ "sy"   "S" "sp3" }
>> 	{ "p2"   "P" "sp2" }
>> 	{ "p3"   "P" "sp3" }
>> 	{ "p4"   "P" "sp3" }
>> 	{ "p5"   "P" "sp3" }
>> 	{ "pb"   "P" "sp3" }
>> 	{ "pd"   "P" "sp3" }
>> 	{ "px"   "P" "sp3" }
>> 	{ "py"   "P" "sp3" }
>> 	{ "f"   "F" "sp3" }
>> 	{ "cl"  "Cl" "sp3" }
>> 	{ "br"  "Br" "sp3" }
>> 	{ "i"   "I"  "sp3" }
>> }
>> #
>> #	Load the general force field parameter set.
>> #
>> gaff = loadamberparams gaff.dat
Loading parameters: /home/maksym/Programs/dock6/parameters/leap/parm/gaff.dat
Reading title:
AMBER General Force Field for organic mol., add. info. at the end (June, 2003)
> 
>  source leaprc.dock.ions
----- Source: /home/maksym/Programs/dock6/parameters/leap/cmd/leaprc.dock.ions
----- Source of /home/maksym/Programs/dock6/parameters/leap/cmd/leaprc.dock.ions done
>> # DOCK Amber Score Ion Library
>> #  Scott Brozell March 2007
>> #  Added ions.dock.lib and chloride; August 2008.
>> 
>> # Use Amber's ions94 library.
>> #  It creates residues and units for alkali metal ions using ff94
>> #  atom types and parameters defined in parm94.
>> #  The Li+..Cs+ series uses information derived from the work of Aqvist.
>> #  This information is identical to DOCK's vdw_AMBER_parm99.defn.
>> #  ions94 also creates divalent, monoatomic ions for Mg, Ca, and Zn,
>> #  but complete atom types and parameters are not in parm94;
>> #  sensibly, the names chosen, MG, CA, and ZN, correspond to the
>> #  common names of these ions in pdb's.
>> 
>> #  Make the common names of these ions in pdb's recognizable to LEaP.
>> #  IMO Amber is broken here - these commands should be in leaprc.ff94
>> addPdbResMap {
>>   { "LI" "Li+" } { 0 "LI" "Li+" } { 1 "LI" "Li+" }
>>   { "NA" "CIO" } { 0 "NA" "CIO" } { 1 "NA" "CIO" }
>>   { "NA+" "CIO" } { 0 "NA+" "CIO" } { 1 "NA+" "CIO" }
>>   { "K"  "K+"  } { 0 "K" "K+" }   { 1 "K" "K+" }
>>   { "RB" "Rb+" } { 0 "RB" "Rb+" } { 1 "RB" "Rb+" }
>>   { "CS" "Cs+" } { 0 "CS" "Cs+" } { 1 "CS" "Cs+" }
>>   { "CL" "Cl-" } { 0 "CL" "Cl-" } { 1 "CL" "Cl-" }
>>   { "CL-" "Cl-" } { 0 "CL-" "Cl-" } { 1 "CL-" "Cl-" }
>> }
>> addPdbAtomMap {
>>   { "LI" "Li+" }
>>   { "NA" "Na+" }
>>   { "NA+" "Na+" }
>>   { "K" "K+" }
>>   { "RB" "Rb+" }
>>   { "CS" "Cs+" }
>>   { "CL" "Cl-" }
>>   { "CL-" "Cl-" }
>> }
>> 
>> #  This merely prevents unknown atom type and maybe hybridization
>> #  comments from LEaP.  The application of this command is not thorough.
>> addAtomTypes {
>>    { "Mg"  "Mg" "sp3" }
>>    { "Ca"  "Ca" "sp3" }
>>    { "Sr"  "Sr" "sp3" }
>>    { "Ba"  "Ba" "sp3" }
>>    { "V"   "V"  "sp3" }
>>    { "Zn"  "Zn" "sp3" }
>> }
>> 
>> #  Define the atom types and parameters for the alkaline earth ions
>> #  and others; residues and units for some of these have not been created.
>> dock_ions = loadamberparams frcmod.dock.ions
Loading parameters: /home/maksym/Programs/dock6/parameters/leap/parm/frcmod.dock.ions
Reading force field modification type file (frcmod)
Reading title:
DOCK Amber Score Ion Library
(UNKNOWN ATOM TYPE: Mn)
(UNKNOWN ATOM TYPE: Pt)
(UNKNOWN ATOM TYPE: Hg)
>> 
>> 
>> # Create residues and units for some non-ff94 alkaline earth ions.
>> #  The atom types and parameters are defined in frcmod.dock.ions.
>> #  This information is identical to DOCK's vdw_AMBER_parm99.defn.
>> #  These are divalent, monoatomic ions for Sr
>> #  sensibly, the names chosen, SR, correspond to the
>> #  common names of these ions in pdb's.
>> loadOff ions.dock.lib
Loading library: /home/maksym/Programs/dock6/parameters/leap/lib/ions.dock.lib
Loading: HG
Loading: MN
Loading: SR
>> 
>> 
>> # Use Amber's GAFF via mol2 and frcmod files for non-atomic ions.
>> #  ACT acetate -1
>> ACT=loadmol2 act.mol2
Loading Mol2 file: /home/maksym/Programs/dock6/parameters/leap/parm/act.mol2
Reading MOLECULE named ACT  Acetate anion.
>> frcmod=loadamberparams act.frcmod
Loading parameters: /home/maksym/Programs/dock6/parameters/leap/parm/act.frcmod
Reading force field modification type file (frcmod)
Reading title:
Acetate anion from 1U8D: parmchk -f mol2 -i act.mol2 -o act.frcmod
>> #  CO3 carbonate -2
>> CO3=loadmol2 co3.mol2
Loading Mol2 file: /home/maksym/Programs/dock6/parameters/leap/parm/co3.mol2
Reading MOLECULE named CO3  CARBONATE DIANION.  C O3. 
>> frcmod=loadamberparams co3.frcmod
Loading parameters: /home/maksym/Programs/dock6/parameters/leap/parm/co3.frcmod
Reading force field modification type file (frcmod)
Reading title:
CARBONATE DIANION:  parmchk -f mol2 -i co3.mol2 -o co3.frcmod
>> #  PO4 phosphate -3
>> PO4=loadmol2 po4.mol2
Loading Mol2 file: /home/maksym/Programs/dock6/parameters/leap/parm/po4.mol2
Reading MOLECULE named PO4  PHOSPHATE ION.  O4 P. 
>> frcmod=loadamberparams po4.frcmod
Could not open file po4.frcmod: not found
>> #  SO4 sulfate -2
>> SO4=loadmol2 so4.mol2
Loading Mol2 file: /home/maksym/Programs/dock6/parameters/leap/parm/so4.mol2
Reading MOLECULE named SO4  Sulfate dianion.
>> frcmod=loadamberparams so4.frcmod
Loading parameters: /home/maksym/Programs/dock6/parameters/leap/parm/so4.frcmod
Reading force field modification type file (frcmod)
Reading title:
Sulfate dianion from 1XPF: parmchk -f mol2 -i so4.mol2 -o so4.frcmod
>> 
>> 
>> # Treat magnesium with six waters as a single cation via water stripping.
>> addPdbResMap {
>>   { "MO6" "MG" } { 0 "MO6" "MG" } { 1 "MO6" "MG" }
>> }
>> 
> 
>  source leaprc.dock.cofactors
----- Source: /home/maksym/Programs/dock6/parameters/leap/cmd/leaprc.dock.cofactors
----- Source of /home/maksym/Programs/dock6/parameters/leap/cmd/leaprc.dock.cofactors done
>> # DOCK Amber Score Cofactor Library
>> #  Scott Brozell February 2005
>> 
>> #  Library of cofactors commonly encountered in docking.
>> #  These cofactors are modeled with the general Amber Force field (GAFF).
>> #  Load cofactor UNITs in alphabetical order.
>> 
>> ADP = loadMol2 adp.mol2
Loading Mol2 file: /home/maksym/Programs/dock6/parameters/leap/parm/adp.mol2
Reading MOLECULE named ADP  ADENOSINE-5'-DIPHOSPHATE.  C10 H15 N5 O10 P2.
>> frcmod = loadamberparams adp.frcmod
Loading parameters: /home/maksym/Programs/dock6/parameters/leap/parm/adp.frcmod
Reading force field modification type file (frcmod)
Reading title:
ADENOSINE-5'-DIPHOSPHATE:  parmchk -f mol2 -i adp.mol2 -o adp.frcmod
>> APC = loadMol2 apc.mol2
Loading Mol2 file: /home/maksym/Programs/dock6/parameters/leap/parm/apc.mol2
Reading MOLECULE named APC  DIPHOSPHOMETHYLPHOSPHONIC ACID ADENOSYL ESTER.  C11 H18 N5 O12 P3. 
>> frcmod = loadamberparams apc.frcmod
Loading parameters: /home/maksym/Programs/dock6/parameters/leap/parm/apc.frcmod
Reading force field modification type file (frcmod)
Reading title:
DIPHOSPHOMETHYLPHOSPHONIC ACID ADENOSYL ESTER: parmchk -f mol2 -i apc.mol2 -o apc.frcmod
>> BAL = loadMol2 bal.mol2
Loading Mol2 file: /home/maksym/Programs/dock6/parameters/leap/parm/bal.mol2
Reading MOLECULE named BAL  BETA-ALANINE.  C3 H7 N O2. 
>> BMA = loadMol2 bma.mol2
Loading Mol2 file: /home/maksym/Programs/dock6/parameters/leap/parm/bma.mol2
Reading MOLECULE named BMA  Beta-D-Mannose.  C6 H12 O6.
>> BME = loadMol2 bme.mol2
Loading Mol2 file: /home/maksym/Programs/dock6/parameters/leap/parm/bme.mol2
Reading MOLECULE named BME  Beta-Mercaptoethanol.  C2 H6 O S.
>> BOG = loadMol2 bog.mol2
Loading Mol2 file: /home/maksym/Programs/dock6/parameters/leap/parm/bog.mol2
Reading MOLECULE named BOG  B-OCTYLGLUCOSIDE.  C14 H28 O6. 
>> DMS = loadMol2 dms.mol2
Loading Mol2 file: /home/maksym/Programs/dock6/parameters/leap/parm/dms.mol2
Reading MOLECULE named DMS  DIMETHYL SULFOXIDE.  C2 H6 O S. 
>> EDO = loadMol2 edo.mol2
Loading Mol2 file: /home/maksym/Programs/dock6/parameters/leap/parm/edo.mol2
Reading MOLECULE named EDO  1,2-ETHANEDIOL.  C2 H6 O2. 
>> EOH = loadMol2 eoh.mol2
Loading Mol2 file: /home/maksym/Programs/dock6/parameters/leap/parm/eoh.mol2
Reading MOLECULE named EOH  ETHANOL.  C2 H6 O. 
>> FAD = loadMol2 fad.mol2
Loading Mol2 file: /home/maksym/Programs/dock6/parameters/leap/parm/fad.mol2
Reading MOLECULE named FAD  FLAVIN-ADENINE DINUCLEOTIDE.  C27 H33 N9 O15 P2. 
>> frcmod = loadamberparams fad.frcmod
Loading parameters: /home/maksym/Programs/dock6/parameters/leap/parm/fad.frcmod
Reading force field modification type file (frcmod)
Reading title:
FLAVIN-ADENINE DINUCLEOTIDE:  parmchk -f mol2 -i fad.mol2 -o fad.frcmod
>> FPP = loadMol2 fpp.mol2
Loading Mol2 file: /home/maksym/Programs/dock6/parameters/leap/parm/fpp.mol2
Reading MOLECULE named FPP  FARNESYL DIPHOSPHATE.  C15 H28 O7 P2. 
>> frcmod = loadamberparams fpp.frcmod
Loading parameters: /home/maksym/Programs/dock6/parameters/leap/parm/fpp.frcmod
Reading force field modification type file (frcmod)
Reading title:
FARNESYL DIPHOSPHATE:  parmchk -f mol2 -i fpp.mol2 -o fpp.frcmod
>> FUC = loadMol2 fuc.mol2
Loading Mol2 file: /home/maksym/Programs/dock6/parameters/leap/parm/fuc.mol2
Reading MOLECULE named FUC  Alpha-L-Fucose.  C6 H12 O5.
>> GLC = loadMol2 glc.mol2
Loading Mol2 file: /home/maksym/Programs/dock6/parameters/leap/parm/glc.mol2
Reading MOLECULE named GLC  ALPHA-D-GLUCOSE.  C6 H12 O6. 
>> GOL = loadMol2 gol.mol2
Loading Mol2 file: /home/maksym/Programs/dock6/parameters/leap/parm/gol.mol2
Reading MOLECULE named GOL  GLYCEROL.  C3 H8 O3. 
>> H4B = loadMol2 h4b.mol2
Loading Mol2 file: /home/maksym/Programs/dock6/parameters/leap/parm/h4b.mol2
Reading MOLECULE named H4B  5,6,7,8-TETRAHYDROBIOPTERIN.  C9 H15 N5 O3. 
>> frcmod = loadamberparams h4b.frcmod
Loading parameters: /home/maksym/Programs/dock6/parameters/leap/parm/h4b.frcmod
Reading force field modification type file (frcmod)
Reading title:
5,6,7,8-TETRAHYDROBIOPTERIN:  parmchk -f mol2 -i h4b.mol2 -o h4b.frcmod
>> IMP = loadMol2 imp.mol2
Loading Mol2 file: /home/maksym/Programs/dock6/parameters/leap/parm/imp.mol2
Reading MOLECULE named IMP  INOSINIC ACID.  C10 H13 N4 O8 P. 
>> frcmod = loadamberparams imp.frcmod
Loading parameters: /home/maksym/Programs/dock6/parameters/leap/parm/imp.frcmod
Reading force field modification type file (frcmod)
Reading title:
INOSINIC ACID:  parmchk -f mol2 -i imp.mol2 -o imp.frcmod
>> IPA = loadMol2 ipa.mol2
Loading Mol2 file: /home/maksym/Programs/dock6/parameters/leap/parm/ipa.mol2
Reading MOLECULE named IPA  ISOPROPYL ALCOHOL.  C3 H8 O. 
>> MAN = loadMol2 man.mol2
Loading Mol2 file: /home/maksym/Programs/dock6/parameters/leap/parm/man.mol2
Reading MOLECULE named MAN Alpha-D-Mannose.  C6 H12 O6.
>> MRD = loadMol2 mrd.mol2
Loading Mol2 file: /home/maksym/Programs/dock6/parameters/leap/parm/mrd.mol2
Reading MOLECULE named MRD  (4R)-2-METHYLPENTANE-2,4-DIOL.  C6 H14 O2. 
>> MTX = loadMol2 mtx.mol2
Loading Mol2 file: /home/maksym/Programs/dock6/parameters/leap/prep/mtx.mol2
Reading MOLECULE named MTX  Methotrexate.
>> frcmod = loadamberparams mtx.frcmod
Loading parameters: /home/maksym/Programs/dock6/parameters/leap/parm/mtx.frcmod
Reading force field modification type file (frcmod)
Reading title:
MTX  created via parmchk -f mol2 -i mtx.mol2 -o mtx.frcmod
>> MYR = loadMol2 myr.mol2
Loading Mol2 file: /home/maksym/Programs/dock6/parameters/leap/parm/myr.mol2
Reading MOLECULE named MYR  MYRISTIC ACID.  C14 H28 O2. 
>> NAG = loadMol2 nag.mol2
Loading Mol2 file: /home/maksym/Programs/dock6/parameters/leap/parm/nag.mol2
Reading MOLECULE named NAG  N-Acetyl-D-Glucosamine.  C8 H15 N O6.
>> frcmod = loadamberparams nag.frcmod
Loading parameters: /home/maksym/Programs/dock6/parameters/leap/parm/nag.frcmod
Reading force field modification type file (frcmod)
Reading title:
N-Acetyl-D-Glucosamine:  parmchk -f mol2 -i nag.mol2 -o nag.frcmod
>> NAP = loadMol2 nap.mol2
Loading Mol2 file: /home/maksym/Programs/dock6/parameters/leap/parm/nap.mol2
Reading MOLECULE named NAP  NADP NICOTINAMIDE-ADENINE-DINUCLEOTIDE PHOSPHATE.  C21 H28 N7 O17 P3. 
>> frcmod = loadamberparams nap.frcmod
Loading parameters: /home/maksym/Programs/dock6/parameters/leap/parm/nap.frcmod
Reading force field modification type file (frcmod)
Reading title:
NADP NICOTINAMIDE-ADENINE-DINUCLEOTIDE PHOSPHATE:  parmchk -f mol2 -i nap.mol2 -o nap.frcmod
>> NDG = loadMol2 ndg.mol2
Loading Mol2 file: /home/maksym/Programs/dock6/parameters/leap/parm/ndg.mol2
Reading MOLECULE named NDG  2-(Acetylamino)-2-Deoxy-A-D-Glucopyranose.  C8 H15 N O6.
>> frcmod = loadamberparams ndg.frcmod
Loading parameters: /home/maksym/Programs/dock6/parameters/leap/parm/ndg.frcmod
Reading force field modification type file (frcmod)
Reading title:
2-(Acetylamino)-2-Deoxy-A-D-Glucopyranose:  parmchk -f mol2 -i ndg.mol2 -o ndg.frcmod
>> NDP = loadMol2 ndp.mol2
Loading Mol2 file: /home/maksym/Programs/dock6/parameters/leap/parm/ndp.mol2
Reading MOLECULE named NDP  NADPH DIHYDRO-NICOTINAMIDE-ADENINE-DINUCLEOTIDE PHOSPHATE.  C21 H30 N7 O17 P3. 
>> frcmod = loadamberparams ndp.frcmod
Loading parameters: /home/maksym/Programs/dock6/parameters/leap/parm/ndp.frcmod
Reading force field modification type file (frcmod)
Reading title:
NADPH DIHYDRO-NICOTINAMIDE-ADENINE-DINUCLEOTIDE PHOSPHATE:  parmchk -f mol2 -i ndp.mol2 -o ndp.frcmod
>> NSP = loadMol2 nsp.mol2
Loading Mol2 file: /home/maksym/Programs/dock6/parameters/leap/parm/nsp.mol2
Reading MOLECULE named NSP  5-(AMINOMETHYL)-2-METHYLPYRIMIDIN-4-AMINE.  C6 H10 N4. 
>> frcmod = loadamberparams nsp.frcmod
Loading parameters: /home/maksym/Programs/dock6/parameters/leap/parm/nsp.frcmod
Reading force field modification type file (frcmod)
Reading title:
5-(AMINOMETHYL)-2-METHYLPYRIMIDIN-4-AMINE:  parmchk -f mol2 -i nsp.mol2 -o nsp.frcmod
>> P22 = loadMol2 p22.mol2
Loading Mol2 file: /home/maksym/Programs/dock6/parameters/leap/parm/p22.mol2
Reading MOLECULE named P22  ETHYL DIHYDROGEN DIPHOSPHATE.  C2 H8 O7 P2. 
>> P25 = loadMol2 p25.mol2
Loading Mol2 file: /home/maksym/Programs/dock6/parameters/leap/parm/p25.mol2
Reading MOLECULE named P25  PENTYL TRIHYDROGEN DIPHOSPHATE.  C5 H14 O7 P2. 
>> PLP = loadMol2 plp.mol2
Loading Mol2 file: /home/maksym/Programs/dock6/parameters/leap/parm/plp.mol2
Reading MOLECULE named PLP  PYRIDOXAL-5'-PHOSPHATE.  C8 H10 N O6 P. 
>> frcmod = loadamberparams plp.frcmod
Loading parameters: /home/maksym/Programs/dock6/parameters/leap/parm/plp.frcmod
Reading force field modification type file (frcmod)
Reading title:
PYRIDOXAL-5'-PHOSPHATE:  parmchk -f mol2 -i plp.mol2 -o plp.frcmod
>> SAH = loadMol2 sah.mol2
Loading Mol2 file: /home/maksym/Programs/dock6/parameters/leap/parm/sah.mol2
Reading MOLECULE named SAH  S-ADENOSYL-L-HOMOCYSTEINE.  C14 H20 N6 O5 S. 
>> frcmod = loadamberparams sah.frcmod
Loading parameters: /home/maksym/Programs/dock6/parameters/leap/parm/sah.frcmod
Reading force field modification type file (frcmod)
Reading title:
S-ADENOSYL-L-HOMOCYSTEINE:  parmchk -f mol2 -i sah.mol2 -o sah.frcmod
>> SPD = loadmol2 spd.mol2
Loading Mol2 file: /home/maksym/Programs/dock6/parameters/leap/parm/spd.mol2
Reading MOLECULE named SPD  Spermidine.
>> frcmod = loadamberparams spd.frcmod
Loading parameters: /home/maksym/Programs/dock6/parameters/leap/parm/spd.frcmod
Reading force field modification type file (frcmod)
Reading title:
Spermidine from 1U8D:  parmchk -f mol2 -i spd.mol2 -o spd.frcmod
>> SUC = loadMol2 suc.mol2
Loading Mol2 file: /home/maksym/Programs/dock6/parameters/leap/parm/suc.mol2
Reading MOLECULE named SUC  SUCROSE.  C12 H22 O11. 
>> UMP = loadMol2 ump.mol2
Loading Mol2 file: /home/maksym/Programs/dock6/parameters/leap/parm/ump.mol2
Reading MOLECULE named UMP  2'-Deoxyuridine 5'-Monophosphate.  C9 H13 N2 O8 P.
>> frcmod = loadamberparams ump.frcmod
Loading parameters: /home/maksym/Programs/dock6/parameters/leap/parm/ump.frcmod
Reading force field modification type file (frcmod)
Reading title:
2'-Deoxyuridine 5'-Monophosphate:  parmchk -f mol2 -i ump.mol2 -o ump.frcmod
>> YF3 = loadMol2 yf3.mol2
Loading Mol2 file: /home/maksym/Programs/dock6/parameters/leap/parm/yf3.mol2
Reading MOLECULE named YF3  2-{[(4-AMINO-2-METHYLPYRIMIDIN-5-YL)METHYL]AMINO}PROPANE-1-THIOL.  C9 H16 N4 S. 
>> frcmod = loadamberparams yf3.frcmod
Loading parameters: /home/maksym/Programs/dock6/parameters/leap/parm/yf3.frcmod
Reading force field modification type file (frcmod)
Reading title:
2-{[(4-AMINO-2-METHYLPYRIMIDIN-5-YL)METHYL]AMINO}PROPANE-1-THIOL: parmchk -f mol2 -i yf3.mol2 -o yf3.frcmod
>> 
> 
>  # Begin DOCK Amber Score receptor specific processing
>  source leaprc.dock.user
----- Source: /home/maksym/Programs/dock6/parameters/leap/cmd/leaprc.dock.user
----- Source of /home/maksym/Programs/dock6/parameters/leap/cmd/leaprc.dock.user done
>> # DOCK Amber Score User Commands for LEaP
>> #  This provides a hook into the amberization scripts.
>> #  All these commands will be sourced by tleap in all the amberize scripts.
>> #  For example, one could define a new atom type and load its parameters:
>> #  This merely prevents unknown atom type and maybe hybridization
>> #  comments from LEaP.
>> #  addAtomTypes {
>> #     { "Si"  "Si" "sp3" }
>> #  }
>> #  
>> #  Define the atom types and parameters for Tetrahedrally Bonded Silicon.
>> #  silicon = loadamberparams frcmod.dock.silicon
>> 
> 
>  x=loadPdb 1lgu.pdb
Loading PDB file: ./1lgu.pdb
Enter zPdbReadScan from call depth  0.
Exit  zPdbReadScan from call depth  0.
Matching PDB residue names to LEaP variables.
Mapped residue MET, term: Terminal/beginning, seq. number: 0 to: NMET.
(Residue 1: ASN, Nonterminal, was not found in name map.)
(Residue 2: ILE, Nonterminal, was not found in name map.)
(Residue 3: PHE, Nonterminal, was not found in name map.)
(Residue 4: GLU, Nonterminal, was not found in name map.)
(Residue 5: MET, Nonterminal, was not found in name map.)
(Residue 6: LEU, Nonterminal, was not found in name map.)
(Residue 7: ARG, Nonterminal, was not found in name map.)
(Residue 8: ILE, Nonterminal, was not found in name map.)
(Residue 9: ASP, Nonterminal, was not found in name map.)
(Residue 10: GLU, Nonterminal, was not found in name map.)
(Residue 11: GLY, Nonterminal, was not found in name map.)
(Residue 12: LEU, Nonterminal, was not found in name map.)
(Residue 13: ARG, Nonterminal, was not found in name map.)
(Residue 14: LEU, Nonterminal, was not found in name map.)
(Residue 15: LYS, Nonterminal, was not found in name map.)
(Residue 16: ILE, Nonterminal, was not found in name map.)
(Residue 17: TYR, Nonterminal, was not found in name map.)
(Residue 18: LYS, Nonterminal, was not found in name map.)
(Residue 19: ASP, Nonterminal, was not found in name map.)
(Residue 20: THR, Nonterminal, was not found in name map.)
(Residue 21: GLU, Nonterminal, was not found in name map.)
(Residue 22: GLY, Nonterminal, was not found in name map.)
(Residue 23: TYR, Nonterminal, was not found in name map.)
(Residue 24: TYR, Nonterminal, was not found in name map.)
(Residue 25: THR, Nonterminal, was not found in name map.)
(Residue 26: ILE, Nonterminal, was not found in name map.)
(Residue 27: GLY, Nonterminal, was not found in name map.)
(Residue 28: ILE, Nonterminal, was not found in name map.)
(Residue 29: GLY, Nonterminal, was not found in name map.)
(Residue 30: HIS, Nonterminal, was not found in name map.)
(Residue 31: LEU, Nonterminal, was not found in name map.)
(Residue 32: LEU, Nonterminal, was not found in name map.)
(Residue 33: THR, Nonterminal, was not found in name map.)
(Residue 34: LYS, Nonterminal, was not found in name map.)
(Residue 35: SER, Nonterminal, was not found in name map.)
(Residue 36: PRO, Nonterminal, was not found in name map.)
(Residue 37: SER, Nonterminal, was not found in name map.)
(Residue 38: LEU, Nonterminal, was not found in name map.)
(Residue 39: ASN, Nonterminal, was not found in name map.)
(Residue 40: ALA, Nonterminal, was not found in name map.)
(Residue 41: ALA, Nonterminal, was not found in name map.)
(Residue 42: LYS, Nonterminal, was not found in name map.)
(Residue 43: SER, Nonterminal, was not found in name map.)
(Residue 44: GLU, Nonterminal, was not found in name map.)
(Residue 45: LEU, Nonterminal, was not found in name map.)
(Residue 46: ASP, Nonterminal, was not found in name map.)
(Residue 47: LYS, Nonterminal, was not found in name map.)
(Residue 48: ALA, Nonterminal, was not found in name map.)
(Residue 49: ILE, Nonterminal, was not found in name map.)
(Residue 50: GLY, Nonterminal, was not found in name map.)
(Residue 51: ARG, Nonterminal, was not found in name map.)
(Residue 52: ASN, Nonterminal, was not found in name map.)
(Residue 53: CYS, Nonterminal, was not found in name map.)
(Residue 54: ASN, Nonterminal, was not found in name map.)
(Residue 55: GLY, Nonterminal, was not found in name map.)
(Residue 56: VAL, Nonterminal, was not found in name map.)
(Residue 57: ILE, Nonterminal, was not found in name map.)
(Residue 58: THR, Nonterminal, was not found in name map.)
(Residue 59: LYS, Nonterminal, was not found in name map.)
(Residue 60: ASP, Nonterminal, was not found in name map.)
(Residue 61: GLU, Nonterminal, was not found in name map.)
(Residue 62: ALA, Nonterminal, was not found in name map.)
(Residue 63: GLU, Nonterminal, was not found in name map.)
(Residue 64: LYS, Nonterminal, was not found in name map.)
(Residue 65: LEU, Nonterminal, was not found in name map.)
(Residue 66: PHE, Nonterminal, was not found in name map.)
(Residue 67: ASN, Nonterminal, was not found in name map.)
(Residue 68: GLN, Nonterminal, was not found in name map.)
(Residue 69: ASP, Nonterminal, was not found in name map.)
(Residue 70: VAL, Nonterminal, was not found in name map.)
(Residue 71: ASP, Nonterminal, was not found in name map.)
(Residue 72: ALA, Nonterminal, was not found in name map.)
(Residue 73: ALA, Nonterminal, was not found in name map.)
(Residue 74: VAL, Nonterminal, was not found in name map.)
(Residue 75: ARG, Nonterminal, was not found in name map.)
(Residue 76: GLY, Nonterminal, was not found in name map.)
(Residue 77: ILE, Nonterminal, was not found in name map.)
(Residue 78: LEU, Nonterminal, was not found in name map.)
(Residue 79: ARG, Nonterminal, was not found in name map.)
(Residue 80: ASN, Nonterminal, was not found in name map.)
(Residue 81: ALA, Nonterminal, was not found in name map.)
(Residue 82: LYS, Nonterminal, was not found in name map.)
(Residue 83: LEU, Nonterminal, was not found in name map.)
(Residue 84: LYS, Nonterminal, was not found in name map.)
(Residue 85: PRO, Nonterminal, was not found in name map.)
(Residue 86: VAL, Nonterminal, was not found in name map.)
(Residue 87: TYR, Nonterminal, was not found in name map.)
(Residue 88: ASP, Nonterminal, was not found in name map.)
(Residue 89: SER, Nonterminal, was not found in name map.)
(Residue 90: LEU, Nonterminal, was not found in name map.)
(Residue 91: ASP, Nonterminal, was not found in name map.)
(Residue 92: ALA, Nonterminal, was not found in name map.)
(Residue 93: VAL, Nonterminal, was not found in name map.)
(Residue 94: ARG, Nonterminal, was not found in name map.)
(Residue 95: ARG, Nonterminal, was not found in name map.)
(Residue 96: CYS, Nonterminal, was not found in name map.)
(Residue 97: ALA, Nonterminal, was not found in name map.)
(Residue 98: ALA, Nonterminal, was not found in name map.)
(Residue 99: ILE, Nonterminal, was not found in name map.)
(Residue 100: ASN, Nonterminal, was not found in name map.)
(Residue 101: GLN, Nonterminal, was not found in name map.)
(Residue 102: VAL, Nonterminal, was not found in name map.)
(Residue 103: PHE, Nonterminal, was not found in name map.)
(Residue 104: GLN, Nonterminal, was not found in name map.)
(Residue 105: MET, Nonterminal, was not found in name map.)
(Residue 106: GLY, Nonterminal, was not found in name map.)
(Residue 107: GLU, Nonterminal, was not found in name map.)
(Residue 108: THR, Nonterminal, was not found in name map.)
(Residue 109: GLY, Nonterminal, was not found in name map.)
(Residue 110: VAL, Nonterminal, was not found in name map.)
(Residue 111: ALA, Nonterminal, was not found in name map.)
(Residue 112: GLY, Nonterminal, was not found in name map.)
(Residue 113: PHE, Nonterminal, was not found in name map.)
(Residue 114: THR, Nonterminal, was not found in name map.)
(Residue 115: ASN, Nonterminal, was not found in name map.)
(Residue 116: SER, Nonterminal, was not found in name map.)
(Residue 117: LEU, Nonterminal, was not found in name map.)
(Residue 118: ARG, Nonterminal, was not found in name map.)
(Residue 119: MET, Nonterminal, was not found in name map.)
(Residue 120: LEU, Nonterminal, was not found in name map.)
(Residue 121: GLN, Nonterminal, was not found in name map.)
(Residue 122: GLN, Nonterminal, was not found in name map.)
(Residue 123: LYS, Nonterminal, was not found in name map.)
(Residue 124: ARG, Nonterminal, was not found in name map.)
(Residue 125: TRP, Nonterminal, was not found in name map.)
(Residue 126: ASP, Nonterminal, was not found in name map.)
(Residue 127: GLU, Nonterminal, was not found in name map.)
(Residue 128: ALA, Nonterminal, was not found in name map.)
(Residue 129: ALA, Nonterminal, was not found in name map.)
(Residue 130: VAL, Nonterminal, was not found in name map.)
(Residue 131: ASN, Nonterminal, was not found in name map.)
(Residue 132: LEU, Nonterminal, was not found in name map.)
(Residue 133: ALA, Nonterminal, was not found in name map.)
(Residue 134: LYS, Nonterminal, was not found in name map.)
(Residue 135: SER, Nonterminal, was not found in name map.)
(Residue 136: ARG, Nonterminal, was not found in name map.)
(Residue 137: TRP, Nonterminal, was not found in name map.)
(Residue 138: TYR, Nonterminal, was not found in name map.)
(Residue 139: ASN, Nonterminal, was not found in name map.)
(Residue 140: GLN, Nonterminal, was not found in name map.)
(Residue 141: THR, Nonterminal, was not found in name map.)
(Residue 142: PRO, Nonterminal, was not found in name map.)
(Residue 143: ASN, Nonterminal, was not found in name map.)
(Residue 144: ARG, Nonterminal, was not found in name map.)
(Residue 145: ALA, Nonterminal, was not found in name map.)
(Residue 146: LYS, Nonterminal, was not found in name map.)
(Residue 147: ARG, Nonterminal, was not found in name map.)
(Residue 148: VAL, Nonterminal, was not found in name map.)
(Residue 149: ILE, Nonterminal, was not found in name map.)
(Residue 150: THR, Nonterminal, was not found in name map.)
(Residue 151: THR, Nonterminal, was not found in name map.)
(Residue 152: PHE, Nonterminal, was not found in name map.)
(Residue 153: ARG, Nonterminal, was not found in name map.)
(Residue 154: THR, Nonterminal, was not found in name map.)
(Residue 155: GLY, Nonterminal, was not found in name map.)
(Residue 156: THR, Nonterminal, was not found in name map.)
(Residue 157: TRP, Nonterminal, was not found in name map.)
(Residue 158: ASP, Nonterminal, was not found in name map.)
(Residue 159: ALA, Nonterminal, was not found in name map.)
(Residue 160: TYR, Nonterminal, was not found in name map.)
Mapped residue LYS, term: Terminal/last, seq. number: 161 to: CLYS.
Joining NMET - ASN
Joining ASN - ILE
Joining ILE - PHE
Joining PHE - GLU
Joining GLU - MET
Joining MET - LEU
Joining LEU - ARG
Joining ARG - ILE
Joining ILE - ASP
Joining ASP - GLU
Joining GLU - GLY
Joining GLY - LEU
Joining LEU - ARG
Joining ARG - LEU
Joining LEU - LYS
Joining LYS - ILE
Joining ILE - TYR
Joining TYR - LYS
Joining LYS - ASP
Joining ASP - THR
Joining THR - GLU
Joining GLU - GLY
Joining GLY - TYR
Joining TYR - TYR
Joining TYR - THR
Joining THR - ILE
Joining ILE - GLY
Joining GLY - ILE
Joining ILE - GLY
Joining GLY - HIE
Joining HIE - LEU
Joining LEU - LEU
Joining LEU - THR
Joining THR - LYS
Joining LYS - SER
Joining SER - PRO
Joining PRO - SER
Joining SER - LEU
Joining LEU - ASN
Joining ASN - ALA
Joining ALA - ALA
Joining ALA - LYS
Joining LYS - SER
Joining SER - GLU
Joining GLU - LEU
Joining LEU - ASP
Joining ASP - LYS
Joining LYS - ALA
Joining ALA - ILE
Joining ILE - GLY
Joining GLY - ARG
Joining ARG - ASN
Joining ASN - CYS
Joining CYS - ASN
Joining ASN - GLY
Joining GLY - VAL
Joining VAL - ILE
Joining ILE - THR
Joining THR - LYS
Joining LYS - ASP
Joining ASP - GLU
Joining GLU - ALA
Joining ALA - GLU
Joining GLU - LYS
Joining LYS - LEU
Joining LEU - PHE
Joining PHE - ASN
Joining ASN - GLN
Joining GLN - ASP
Joining ASP - VAL
Joining VAL - ASP
Joining ASP - ALA
Joining ALA - ALA
Joining ALA - VAL
Joining VAL - ARG
Joining ARG - GLY
Joining GLY - ILE
Joining ILE - LEU
Joining LEU - ARG
Joining ARG - ASN
Joining ASN - ALA
Joining ALA - LYS
Joining LYS - LEU
Joining LEU - LYS
Joining LYS - PRO
Joining PRO - VAL
Joining VAL - TYR
Joining TYR - ASP
Joining ASP - SER
Joining SER - LEU
Joining LEU - ASP
Joining ASP - ALA
Joining ALA - VAL
Joining VAL - ARG
Joining ARG - ARG
Joining ARG - CYS
Joining CYS - ALA
Joining ALA - ALA
Joining ALA - ILE
Joining ILE - ASN
Joining ASN - GLN
Joining GLN - VAL
Joining VAL - PHE
Joining PHE - GLN
Joining GLN - MET
Joining MET - GLY
Joining GLY - GLU
Joining GLU - THR
Joining THR - GLY
Joining GLY - VAL
Joining VAL - ALA
Joining ALA - GLY
Joining GLY - PHE
Joining PHE - THR
Joining THR - ASN
Joining ASN - SER
Joining SER - LEU
Joining LEU - ARG
Joining ARG - MET
Joining MET - LEU
Joining LEU - GLN
Joining GLN - GLN
Joining GLN - LYS
Joining LYS - ARG
Joining ARG - TRP
Joining TRP - ASP
Joining ASP - GLU
Joining GLU - ALA
Joining ALA - ALA
Joining ALA - VAL
Joining VAL - ASN
Joining ASN - LEU
Joining LEU - ALA
Joining ALA - LYS
Joining LYS - SER
Joining SER - ARG
Joining ARG - TRP
Joining TRP - TYR
Joining TYR - ASN
Joining ASN - GLN
Joining GLN - THR
Joining THR - PRO
Joining PRO - ASN
Joining ASN - ARG
Joining ARG - ALA
Joining ALA - LYS
Joining LYS - ARG
Joining ARG - VAL
Joining VAL - ILE
Joining ILE - THR
Joining THR - THR
Joining THR - PHE
Joining PHE - ARG
Joining ARG - THR
Joining THR - GLY
Joining GLY - THR
Joining THR - TRP
Joining TRP - ASP
Joining ASP - ALA
Joining ALA - TYR
Joining TYR - CLYS
  Added missing heavy atom: .R<CLYS 162>.A<OXT 23>
  total atoms in file: 1290
  Leap added 1311 missing atoms according to residue templates:
       1 Heavy
       1310 H / lone pairs
>  savePdb x 1lgu.amber.pdb
Writing pdb file: 1lgu.amber.pdb
 Converting N-terminal residue name to PDB format: NMET -> MET
 Converting C-terminal residue name to PDB format: CLYS -> LYS
>  saveAmberParm x 1lgu.prmtop 1lgu.inpcrd
Checking Unit.
WARNING: The unperturbed charge of the unit: 8.000000 is not zero.

 -- ignoring the warning.

Building topology.
Building atom parameters.
Building bond parameters.
Building angle parameters.
Building proper torsion parameters.
Building improper torsion parameters.
 ** Warning: No sp2 improper torsion term for  C*-CN-CB-CA
        atoms are: CG CE2 CD2 CE3
 ** Warning: No sp2 improper torsion term for  NA-CA-CN-CB
        atoms are: NE1 CZ2 CE2 CD2
 ** Warning: No sp2 improper torsion term for  C*-CN-CB-CA
        atoms are: CG CE2 CD2 CE3
 ** Warning: No sp2 improper torsion term for  NA-CA-CN-CB
        atoms are: NE1 CZ2 CE2 CD2
 ** Warning: No sp2 improper torsion term for  C*-CN-CB-CA
        atoms are: CG CE2 CD2 CE3
 ** Warning: No sp2 improper torsion term for  NA-CA-CN-CB
        atoms are: NE1 CZ2 CE2 CD2
 total 518 improper torsions applied
Building H-Bond parameters.
Not Marking per-residue atom chain types.
Marking per-residue atom chain types.
  (Residues lacking connect0/connect1 - 
   these don't have chain types marked:

	res	total affected

	CLYS	1
	NMET	1
  )
 (no restraints)
>  quit
	Quit
