 *******************************************************************************
 ** FRANK J. SEILER RES. LAB., U.S. AIR FORCE ACADEMY, COLO. SPGS., CO. 80840 **
 *******************************************************************************

                                 AM1 CALCULATION RESULTS


 *******************************************************************************
 *          MOPAC:  VERSION  6.00               CALC'D.                         
 *  GEO-OK   - OVERRIDE INTERATOMIC DISTANCE CHECK
 *  MMOK     - APPLY MM CORRECTION TO CONH BARRIER
 *
 *
 *
 *                 CHARGE ON SYSTEM =  0
 *
 *
 *
 *   T=      - A TIME OF  3600.0 SECONDS REQUESTED
 *  DUMP=N   - RESTART FILE WRITTEN EVERY  3600.0 SECONDS
 *  AM1      - THE AM1 HAMILTONIAN TO BE USED
 *  PRECISE  - CRITERIA TO BE INCREASED BY 100 TIMES
 ***********************************************************************100BY100
 AM1 MMOK GEO-OK PRECISE CHARGE=0
 created by wmopcrt() for mopac
 

    ATOM   CHEMICAL  BOND LENGTH    BOND ANGLE     TWIST ANGLE
   NUMBER  SYMBOL    (ANGSTROMS)     (DEGREES)      (DEGREES)
    (I)                  NA:I          NB:NA:I      NC:NB:NA:I     NA   NB   NC

      1      C       
      2      C         1.39979  *                                  1
      3      C         1.39930  *     120.03262  *                 1    2
      4      N         1.40140  *     119.95680  * -179.91370  *   1    2    3
      5      C         1.40074  *     119.95497  *   -0.05087  *   2    1    3
      6      C         1.40058  *     120.05187  *    0.06050  *   3    1    2
      7      C         1.40016  *     119.93793  *   -0.02498  *   6    3    1
      8      F         1.35042  *     120.02663  * -179.98435  *   5    2    1
      9      F         1.34890  *     120.06321  *  179.96972  *   6    3    1
     10      H         1.06073  *     120.02981  *  179.98310  *   2    1    3
     11      H         1.06142  *     120.03264  * -179.95915  *   3    1    2
     12      H         0.99512  *     120.05694  *   -0.10481  *   4    1    2
     13      H         0.99540  *     120.03783  *  179.99923  *   4    1    2
     14      H         1.06133  *     120.02597  * -179.95809  *   7    6    3


          CARTESIAN COORDINATES 

    NO.       ATOM         X         Y         Z

     1         C        0.0000    0.0000    0.0000
     2         C        1.3998    0.0000    0.0000
     3         C       -0.7003    1.2114    0.0000
     4         N       -0.6998   -1.2142    0.0018
     5         C        2.0992    1.2136   -0.0011
     6         C       -0.0018    2.4254   -0.0013
     7         C        1.3983    2.4259   -0.0020
     8         F        3.4496    1.2153   -0.0014
     9         F       -0.6767    3.5933   -0.0019
    10         H        1.9306   -0.9183    0.0003
    11         H       -1.7618    1.2114    0.0007
    12         H       -0.2024   -2.0761    0.0016
    13         H       -1.6952   -1.2156    0.0018
    14         H        1.9290    3.3450   -0.0023
  H: (AM1): M.J.S. DEWAR ET AL, J. AM. CHEM. SOC. 107 3902-3909 (1985)          
  C: (AM1): M.J.S. DEWAR ET AL, J. AM. CHEM. SOC. 107 3902-3909 (1985)          
  N: (AM1): M.J.S. DEWAR ET AL, J. AM. CHEM. SOC. 107 3902-3909 (1985)          
  F: (AM1): M.J.S. DEWAR AND E. G. ZOEBISCH, THEOCHEM, 180, 1 (1988).           


          RHF CALCULATION, NO. OF DOUBLY OCCUPIED LEVELS = 24


            INTERATOMIC DISTANCES
0
                  C  1       C  2       C  3       N  4       C  5       C  6
 ------------------------------------------------------------------------------
     C    1   0.000000
     C    2   1.399794   0.000000
     C    3   1.399296   2.424481   0.000000
     N    4   1.401400   2.425376   2.425602   0.000000
     C    5   2.424783   1.400741   2.799549   3.705212   0.000000
     C    6   2.425393   2.801268   1.400576   3.705885   2.425446   0.000000
     C    7   2.800088   2.425941   2.424751   4.201488   1.400339   1.400162
     F    8   3.657447   2.383026   4.149967   4.808331   1.350418   3.657446
     F    9   3.656493   4.150170   2.382015   4.807556   3.656334   1.348902
     H   10   2.137919   1.060727   3.384955   2.647003   2.138621   3.861995
     H   11   2.138070   3.385698   1.061419   2.647891   3.860967   2.137995
     H   12   2.085941   2.622460   3.325013   0.995121   4.014950   4.505955
     H   13   2.085975   3.325135   2.622993   0.995400   4.505384   4.015485
     H   14   3.861416   3.386655   3.386144   5.262816   2.138201   2.138707
0
                  C  7       F  8       F  9       H 10       H 11       H 12
 ------------------------------------------------------------------------------
     C    7   0.000000
     F    8   2.381904   0.000000
     F    9   2.380883   4.762532   0.000000
     H   10   3.386381   2.619127   5.210897   0.000000
     H   11   3.385431   5.211385   2.617390   4.262589   0.000000
     H   12   4.778152   4.916393   5.689225   2.427008   3.638584   0.000000
     H   13   4.778125   5.690198   4.915572   3.637982   2.427923   1.723017
     H   14   1.061328   2.616854   2.617569   4.263386   4.263136   5.825114
0
                  H 13       H 14
 ------------------------------
     H   13   0.000000
     H   14   5.825320   0.000000
 CYCLE:   1 TIME:   0.01 TIME LEFT:   3600.0 GRAD.:   166.754 HEAT:-66.66603    
 CYCLE:   2 TIME:   0.00 TIME LEFT:   3600.0 GRAD.:    51.191 HEAT:-67.86814    
 CYCLE:   3 TIME:   0.00 TIME LEFT:   3600.0 GRAD.:    27.160 HEAT:-68.85360    
 CYCLE:   4 TIME:   0.00 TIME LEFT:   3600.0 GRAD.:    21.151 HEAT:-68.98901    
 CYCLE:   5 TIME:   0.00 TIME LEFT:   3600.0 GRAD.:    21.652 HEAT:-69.01162    
 CYCLE:   6 TIME:   0.00 TIME LEFT:   3600.0 GRAD.:    19.690 HEAT:-69.06024    
 CYCLE:   7 TIME:   0.00 TIME LEFT:   3600.0 GRAD.:    26.661 HEAT:-69.07186    
 CYCLE:   8 TIME:   0.00 TIME LEFT:   3600.0 GRAD.:    22.969 HEAT:-69.26561    
 CYCLE:   9 TIME:   0.00 TIME LEFT:   3600.0 GRAD.:    13.191 HEAT:-69.38062    
 CYCLE:  10 TIME:   0.00 TIME LEFT:   3600.0 GRAD.:     8.857 HEAT:-69.45200    
 CYCLE:  11 TIME:   0.00 TIME LEFT:   3600.0 GRAD.:    13.962 HEAT:-69.54743    
 CYCLE:  12 TIME:   0.00 TIME LEFT:   3600.0 GRAD.:    16.122 HEAT:-69.62483    
 CYCLE:  13 TIME:   0.00 TIME LEFT:   3600.0 GRAD.:     8.352 HEAT:-69.61771    
 CYCLE:  14 TIME:   0.00 TIME LEFT:   3600.0 GRAD.:    10.518 HEAT:-69.64925    
 CYCLE:  15 TIME:   0.00 TIME LEFT:   3600.0 GRAD.:    14.874 HEAT:-69.69170    
 CYCLE:  16 TIME:   0.00 TIME LEFT:   3600.0 GRAD.:     3.878 HEAT:-69.71924    
 CYCLE:  17 TIME:   0.00 TIME LEFT:   3600.0 GRAD.:     3.268 HEAT:-69.72626    
 CYCLE:  18 TIME:   0.00 TIME LEFT:   3600.0 GRAD.:     3.865 HEAT:-69.72845    
 CYCLE:  19 TIME:   0.00 TIME LEFT:   3599.9 GRAD.:     4.242 HEAT:-69.73125    
 CYCLE:  20 TIME:   0.00 TIME LEFT:   3599.9 GRAD.:     3.430 HEAT:-69.73404    
 CYCLE:  21 TIME:   0.00 TIME LEFT:   3599.9 GRAD.:     2.381 HEAT:-69.73617    
 HEAT OF FORMATION TEST SATISFIED
                    HOWEVER, A COMPONENT OF GRADIENT IS LARGER THAN  0.20

 CYCLE:  22 TIME:   0.00 TIME LEFT:   3599.9 GRAD.:     1.561 HEAT:-69.73767    
 HEAT OF FORMATION TEST SATISFIED
                    HOWEVER, A COMPONENT OF GRADIENT IS LARGER THAN  0.20

 CYCLE:  23 TIME:   0.00 TIME LEFT:   3599.9 GRAD.:     1.378 HEAT:-69.73785    
 TEST ON X SATISFIED
                    HOWEVER, A COMPONENT OF GRADIENT IS LARGER THAN  0.20

 CYCLE:  24 TIME:   0.01 TIME LEFT:   3599.9 GRAD.:     1.802 HEAT:-69.73786    


          HERBERTS TEST SATISFIED - GEOMETRY OPTIMIZED

 -------------------------------------------------------------------------------
 AM1 MMOK GEO-OK PRECISE CHARGE=0
 created by wmopcrt() for mopac
 


     HERBERTS TEST WAS SATISFIED IN BFGS                      
     SCF FIELD WAS ACHIEVED                                   


                                AM1    CALCULATION
                                                       VERSION  6.00
                                                                               




          FINAL HEAT OF FORMATION =        -69.73786 KCAL


          TOTAL ENERGY            =      -2014.18682 EV
          ELECTRONIC ENERGY       =      -7298.76978 EV
          CORE-CORE REPULSION     =       5284.58296 EV

          IONIZATION POTENTIAL    =          9.02165
          NO. OF FILLED LEVELS    =         24
          MOLECULAR WEIGHT        =    129.109


          SCF CALCULATIONS  =               39
          COMPUTATION TIME =   0.063 SECONDS





    ATOM   CHEMICAL  BOND LENGTH    BOND ANGLE     TWIST ANGLE
   NUMBER  SYMBOL    (ANGSTROMS)     (DEGREES)      (DEGREES)
    (I)                  NA:I          NB:NA:I      NC:NB:NA:I     NA   NB   NC

      1      C       
      2      C         1.41391  *                                  1
      3      C         1.41254  *     119.17839  *                 1    2
      4      N         1.39235  *     120.31720  * -176.49126  *   1    2    3
      5      C         1.40182  *     119.72585  *    0.98086  *   2    1    3
      6      C         1.40212  *     119.95874  *   -0.97936  *   3    1    2
      7      C         1.40383  *     121.32397  *    0.52386  *   6    3    1
      8      F         1.35462  *     119.22724  *  179.69672  *   5    2    1
      9      F         1.35434  *     119.30394  * -179.71944  *   6    3    1
     10      H         1.09910  *     121.05688  * -179.77193  *   2    1    3
     11      H         1.09941  *     120.96044  *  179.77070  *   3    1    2
     12      H         0.99427  *     115.45720  *  -23.27535  *   4    1    2
     13      H         0.99427  *     115.47232  * -160.52202  *   4    1    2
     14      H         1.09737  *     120.88407  *  179.97937  *   7    6    3


            INTERATOMIC DISTANCES
0
                  C  1       C  2       C  3       N  4       C  5       C  6
 ------------------------------------------------------------------------------
     C    1   0.000000
     C    2   1.413915   0.000000
     C    3   1.412539   2.437586   0.000000
     N    4   1.392353   2.434197   2.434137   0.000000
     C    5   2.435131   1.401820   2.797788   3.708166   0.000000
     C    6   2.437062   2.802197   1.402116   3.710044   2.409945   0.000000
     C    7   2.837452   2.448388   2.446069   4.227908   1.403804   1.403831
     F    8   3.667387   2.377921   4.152403   4.810928   1.354623   3.647310
     F    9   3.668536   4.156518   2.378864   4.811871   3.648124   1.354335
     H   10   2.193309   1.099103   3.443347   2.697265   2.162655   3.901033
     H   11   2.191301   3.443223   1.099411   2.696199   3.896939   2.161692
     H   12   2.029117   2.588616   3.282341   0.994265   3.976159   4.455444
     H   13   2.029281   3.283417   2.589053   0.994268   4.453964   3.977548
     H   14   3.934820   3.443142   3.441830   5.325018   2.180567   2.180937
0
                  C  7       F  8       F  9       H 10       H 11       H 12
 ------------------------------------------------------------------------------
     C    7   0.000000
     F    8   2.379692   0.000000
     F    9   2.381175   4.759954   0.000000
     H   10   3.433638   2.609222   5.255362   0.000000
     H   11   3.431416   5.251552   2.608599   4.368193   0.000000
     H   12   4.753232   4.883112   5.639606   2.443190   3.641625   0.000000
     H   13   4.753293   5.639216   4.883180   3.643666   2.441882   1.671835
     H   14   1.097374   2.639003   2.642167   4.336172   4.335202   5.835795
0
                  H 13       H 14
 ------------------------------
     H   13   0.000000
     H   14   5.836146   0.000000


                  EIGENVALUES

 -49.76711 -49.73602 -39.50449 -35.34417 -30.94136 -29.68691 -23.74189 -23.40099
 -19.16971 -18.63966 -17.36688 -16.88424 -16.74956 -16.37233 -16.08833 -15.88546
 -15.11356 -13.80381 -13.51899 -12.88773 -12.78713 -11.51643  -9.68190  -9.02165
  -0.04009   0.06060   2.26630   2.40569   3.10601   3.28596   3.73957   3.74755
   3.84762   4.26335   4.56679   4.88188   4.93470   4.96069   5.50775   5.87486
   5.90950


              NET ATOMIC CHARGES AND DIPOLE CONTRIBUTIONS

         ATOM NO.   TYPE          CHARGE        ATOM  ELECTRON DENSITY
           1          C           0.1207          3.8793
           2          C          -0.2544          4.2544
           3          C          -0.2550          4.2550
           4          N          -0.3351          5.3351
           5          C           0.1568          3.8432
           6          C           0.1571          3.8429
           7          C          -0.2532          4.2532
           8          F          -0.1014          7.1014
           9          F          -0.1009          7.1009
          10          H           0.1523          0.8477
          11          H           0.1518          0.8482
          12          H           0.1984          0.8016
          13          H           0.1983          0.8017
          14          H           0.1647          0.8353
 DIPOLE           X         Y         Z       TOTAL
 POINT-CHG.    -1.310    -2.234    -0.558     2.649
 HYBRID        -0.041    -0.064    -0.666     0.670
 SUM           -1.350    -2.297    -1.224     2.933


          CARTESIAN COORDINATES 

    NO.       ATOM               X         Y         Z

     1         C                  0.0000    0.0000    0.0000
     2         C                  1.4139    0.0000    0.0000
     3         C                 -0.6887    1.2333    0.0000
     4         N                 -0.7028   -1.1997    0.0736
     5         C                  2.1090    1.2172    0.0208
     6         C                  0.0305    2.4368    0.0208
     7         C                  1.4342    2.4481    0.0308
     8         F                  3.4636    1.2053    0.0269
     9         F                 -0.6434    3.6116    0.0263
    10         H                  1.9809   -0.9415   -0.0037
    11         H                 -1.7875    1.2675   -0.0038
    12         H                 -0.2067   -2.0051   -0.2325
    13         H                 -1.6492   -1.1601   -0.2287
    14         H                  1.9898    3.3943    0.0468


          ATOMIC ORBITAL ELECTRON POPULATIONS

   1.18675   0.90495   0.87513   0.91246   1.21705   0.91890   0.97231   1.14617
   1.21670   0.99781   0.89389   1.14662   1.50092   1.08380   1.04993   1.70044
   1.18043   0.76913   0.92501   0.96862   1.18025   0.88633   0.80788   0.96842
   1.21937   0.92357   0.97769   1.13253   1.91674   1.28052   1.97311   1.93105
   1.91666   1.80168   1.45162   1.93094   0.84774   0.84823   0.80161   0.80169
   0.83531



 TOTAL CPU TIME:             0.06 SECONDS

 == MOPAC DONE ==
