log started: Sat Nov 30 17:11:00 2019

Log file: ./leap.log
>  # LEaP called by /home/maksym/Programs/dock6/bin/amberize_ligand
>  source leaprc.gaff
----- Source: /home/maksym/Programs/dock6/parameters/leap/cmd/leaprc.gaff
----- Source of /home/maksym/Programs/dock6/parameters/leap/cmd/leaprc.gaff done
>> logFile leap.log
log started: Sat Nov 30 17:11:00 2019

Log file: ./leap.log
>> #
>> # ----- leaprc for loading the general Amber Force field.
>> #       This file is mostly for use with Antechamber
>> #
>> #	load atom type hybridizations
>> #
>> addAtomTypes {
>> 	{ "h1"  "H" "sp3" }
>> 	{ "h2"  "H" "sp3" }
>> 	{ "h3"  "H" "sp3" }
>> 	{ "h4"  "H" "sp3" }
>> 	{ "h5"  "H" "sp3" }
>> 	{ "ha"  "H" "sp3" }
>> 	{ "hc"  "H" "sp3" }
>> 	{ "hn"  "H" "sp3" }
>> 	{ "ho"  "H" "sp3" }
>> 	{ "hp"  "H" "sp3" }
>> 	{ "hs"  "H" "sp3" }
>> 	{ "hw"  "H" "sp3" }
>> 	{ "hx"  "H" "sp3" }
>> 	{ "o"  "O" "sp2" }
>> 	{ "o2"  "O" "sp2" }
>> 	{ "oh"  "O" "sp3" }
>> 	{ "os"  "O" "sp3" }
>> 	{ "ow"  "O" "sp3" }
>> 	{ "c"  "C" "sp2" }
>> 	{ "c1"  "C" "sp2" }
>> 	{ "c2"  "C" "sp2" }
>> 	{ "c3"  "C" "sp3" }
>> 	{ "ca"  "C" "sp2" }
>> 	{ "cc"  "C" "sp2" }
>> 	{ "cd"  "C" "sp2" }
>> 	{ "ce"  "C" "sp2" }
>> 	{ "cf"  "C" "sp2" }
>> 	{ "cg"  "C" "sp2" }
>> 	{ "ch"  "C" "sp2" }
>> 	{ "cp"  "C" "sp2" }
>> 	{ "cq"  "C" "sp2" }
>> 	{ "cu"  "C" "sp2" }
>> 	{ "cv"  "C" "sp2" }
>> 	{ "cx"  "C" "sp2" }
>> 	{ "cy"  "C" "sp2" }
>> 	{ "n"   "N" "sp2" }
>> 	{ "n1"  "N" "sp2" }
>> 	{ "n2"  "N" "sp2" }
>> 	{ "n3"  "N" "sp3" }
>> 	{ "n4"  "N" "sp3" }
>> 	{ "na"  "N" "sp2" }
>> 	{ "nb"  "N" "sp2" }
>> 	{ "nc"  "N" "sp2" }
>> 	{ "nd"  "N" "sp2" }
>> 	{ "ne"  "N" "sp2" }
>> 	{ "nf"  "N" "sp2" }
>> 	{ "nh"  "N" "sp2" }
>> 	{ "no"  "N" "sp2" }
>> 	{ "s"   "S" "sp2" }
>> 	{ "s2"   "S" "sp2" }
>> 	{ "s3"   "S" "sp3" }
>> 	{ "s4"   "S" "sp3" }
>> 	{ "s6"   "S" "sp3" }
>> 	{ "sh"   "S" "sp3" }
>> 	{ "ss"   "S" "sp3" }
>> 	{ "sx"   "S" "sp3" }
>> 	{ "sy"   "S" "sp3" }
>> 	{ "p2"   "P" "sp2" }
>> 	{ "p3"   "P" "sp3" }
>> 	{ "p4"   "P" "sp3" }
>> 	{ "p5"   "P" "sp3" }
>> 	{ "pb"   "P" "sp3" }
>> 	{ "pd"   "P" "sp3" }
>> 	{ "px"   "P" "sp3" }
>> 	{ "py"   "P" "sp3" }
>> 	{ "f"   "F" "sp3" }
>> 	{ "cl"  "Cl" "sp3" }
>> 	{ "br"  "Br" "sp3" }
>> 	{ "i"   "I"  "sp3" }
>> }
>> #
>> #	Load the general force field parameter set.
>> #
>> gaff = loadamberparams gaff.dat
Loading parameters: /home/maksym/Programs/dock6/parameters/leap/parm/gaff.dat
Reading title:
AMBER General Force Field for organic mol., add. info. at the end (June, 2003)
> 
>  # Begin DOCK Amber Score ligand specific processing
>  frcmod=loadamberparams lig.1.frcmod
Loading parameters: ./lig.1.frcmod
Reading force field modification type file (frcmod)
Reading title:
remark goes here
>  source leaprc.dock.user
----- Source: /home/maksym/Programs/dock6/parameters/leap/cmd/leaprc.dock.user
----- Source of /home/maksym/Programs/dock6/parameters/leap/cmd/leaprc.dock.user done
>> # DOCK Amber Score User Commands for LEaP
>> #  This provides a hook into the amberization scripts.
>> #  All these commands will be sourced by tleap in all the amberize scripts.
>> #  For example, one could define a new atom type and load its parameters:
>> #  This merely prevents unknown atom type and maybe hybridization
>> #  comments from LEaP.
>> #  addAtomTypes {
>> #     { "Si"  "Si" "sp3" }
>> #  }
>> #  
>> #  Define the atom types and parameters for Tetrahedrally Bonded Silicon.
>> #  silicon = loadamberparams frcmod.dock.silicon
>> 
> 
>  lig.1=loadmol2 lig.1.gaff.mol2
Loading Mol2 file: ./lig.1.gaff.mol2
Reading MOLECULE named AAH
>  check lig.1
Checking 'lig.1'....
Checking parameters for unit 'lig.1'.
Checking for bond parameters.
Checking for angle parameters.
Unit is OK.
>  savepdb lig.1 lig.1.amber.pdb
Writing pdb file: lig.1.amber.pdb
>  saveamberparm lig.1 lig.1.prmtop lig.1.inpcrd
Checking Unit.
Building topology.
Building atom parameters.
Building bond parameters.
Building angle parameters.
Building proper torsion parameters.
Building improper torsion parameters.
 total 7 improper torsions applied
Building H-Bond parameters.
Not Marking per-residue atom chain types.
Marking per-residue atom chain types.
  (Residues lacking connect0/connect1 - 
   these don't have chain types marked:

	res	total affected

	AAH	1
  )
 (no restraints)
>  quit
	Quit
